<?xml version="1.0" encoding="UTF-8"?>
<testsuite xmlns:xsi="http://www.w3.org/2001/XMLSchema-instance" xsi:noNamespaceSchemaLocation="https://maven.apache.org/surefire/maven-surefire-plugin/xsd/surefire-test-report-3.0.xsd" version="3.0" name="ContextTest" time="36.808" tests="2" errors="0" skipped="0" failures="0">
  <properties>
    <property name="sun.desktop" value="windows"/>
    <property name="awt.toolkit" value="sun.awt.windows.WToolkit"/>
    <property name="file.encoding.pkg" value="sun.io"/>
    <property name="java.specification.version" value="1.8"/>
    <property name="sun.cpu.isalist" value="amd64"/>
    <property name="sun.jnu.encoding" value="Cp1252"/>
    <property name="java.class.path" value="C:\Users\fedev\Documents\GitHub\2019-mi-no-group-10\target\test-classes;C:\Users\fedev\Documents\GitHub\2019-mi-no-group-10\target\classes;C:\Users\fedev\.m2\repository\org\hibernate\validator\hibernate-validator\6.1.0.Final\hibernate-validator-6.1.0.Final.jar;C:\Users\fedev\.m2\repository\jakarta\validation\jakarta.validation-api\2.0.2\jakarta.validation-api-2.0.2.jar;C:\Users\fedev\.m2\repository\org\jboss\logging\jboss-logging\3.3.2.Final\jboss-logging-3.3.2.Final.jar;C:\Users\fedev\.m2\repository\com\fasterxml\classmate\1.3.4\classmate-1.3.4.jar;C:\Users\fedev\.m2\repository\junit\junit\4.13-rc-2\junit-4.13-rc-2.jar;C:\Users\fedev\.m2\repository\org\hamcrest\hamcrest-core\1.3\hamcrest-core-1.3.jar;C:\Users\fedev\.m2\repository\org\apache\httpcomponents\httpclient-osgi\4.5.10\httpclient-osgi-4.5.10.jar;C:\Users\fedev\.m2\repository\org\apache\httpcomponents\httpclient\4.5.10\httpclient-4.5.10.jar;C:\Users\fedev\.m2\repository\commons-logging\commons-logging\1.2\commons-logging-1.2.jar;C:\Users\fedev\.m2\repository\commons-codec\commons-codec\1.11\commons-codec-1.11.jar;C:\Users\fedev\.m2\repository\org\apache\httpcomponents\httpmime\4.5.10\httpmime-4.5.10.jar;C:\Users\fedev\.m2\repository\org\apache\httpcomponents\httpclient-cache\4.5.10\httpclient-cache-4.5.10.jar;C:\Users\fedev\.m2\repository\org\apache\httpcomponents\fluent-hc\4.5.10\fluent-hc-4.5.10.jar;C:\Users\fedev\.m2\repository\com\google\code\gson\gson\2.8.6\gson-2.8.6.jar;C:\Users\fedev\.m2\repository\com\twilio\sdk\twilio\7.41.1\twilio-7.41.1.jar;C:\Users\fedev\.m2\repository\com\google\guava\guava\28.0-android\guava-28.0-android.jar;C:\Users\fedev\.m2\repository\com\google\guava\failureaccess\1.0.1\failureaccess-1.0.1.jar;C:\Users\fedev\.m2\repository\com\google\guava\listenablefuture\9999.0-empty-to-avoid-conflict-with-guava\listenablefuture-9999.0-empty-to-avoid-conflict-with-guava.jar;C:\Users\fedev\.m2\repository\org\checkerframework\checker-compat-qual\2.5.5\checker-compat-qual-2.5.5.jar;C:\Users\fedev\.m2\repository\com\google\errorprone\error_prone_annotations\2.3.2\error_prone_annotations-2.3.2.jar;C:\Users\fedev\.m2\repository\com\google\j2objc\j2objc-annotations\1.3\j2objc-annotations-1.3.jar;C:\Users\fedev\.m2\repository\org\codehaus\mojo\animal-sniffer-annotations\1.17\animal-sniffer-annotations-1.17.jar;C:\Users\fedev\.m2\repository\joda-time\joda-time\2.5\joda-time-2.5.jar;C:\Users\fedev\.m2\repository\io\jsonwebtoken\jjwt\0.4\jjwt-0.4.jar;C:\Users\fedev\.m2\repository\org\apache\httpcomponents\httpcore\4.4.10\httpcore-4.4.10.jar;C:\Users\fedev\.m2\repository\com\fasterxml\jackson\core\jackson-core\2.9.9\jackson-core-2.9.9.jar;C:\Users\fedev\.m2\repository\com\fasterxml\jackson\core\jackson-annotations\2.9.9\jackson-annotations-2.9.9.jar;C:\Users\fedev\.m2\repository\com\fasterxml\jackson\core\jackson-databind\2.9.9.1\jackson-databind-2.9.9.1.jar;C:\Users\fedev\.m2\repository\javax\xml\bind\jaxb-api\2.2\jaxb-api-2.2.jar;C:\Users\fedev\.m2\repository\javax\xml\stream\stax-api\1.0-2\stax-api-1.0-2.jar;C:\Users\fedev\.m2\repository\org\apache\logging\log4j\log4j-api\2.12.1\log4j-api-2.12.1.jar;C:\Users\fedev\.m2\repository\com\sun\mail\javax.mail\1.6.2\javax.mail-1.6.2.jar;C:\Users\fedev\.m2\repository\javax\activation\activation\1.1\activation-1.1.jar;C:\Users\fedev\.m2\repository\org\simplejavamail\simple-java-mail\5.3.0\simple-java-mail-5.3.0.jar;C:\Users\fedev\.m2\repository\com\sun\mail\jakarta.mail\1.6.3\jakarta.mail-1.6.3.jar;C:\Users\fedev\.m2\repository\com\sun\activation\jakarta.activation\1.2.1\jakarta.activation-1.2.1.jar;C:\Users\fedev\.m2\repository\com\github\bbottema\emailaddress-rfc2822\2.1.3\emailaddress-rfc2822-2.1.3.jar;C:\Users\fedev\.m2\repository\com\google\code\findbugs\jsr305\3.0.1\jsr305-3.0.1.jar;C:\Users\fedev\.m2\repository\org\uqbar-project\jpa-java8-extras\1.0-alpha-1\jpa-java8-extras-1.0-alpha-1.jar;C:\Users\fedev\.m2\repository\org\hibernate\javax\persistence\hibernate-jpa-2.1-api\1.0.0.Final\hibernate-jpa-2.1-api-1.0.0.Final.jar;C:\Users\fedev\.m2\repository\mysql\mysql-connector-java\8.0.18\mysql-connector-java-8.0.18.jar;C:\Users\fedev\.m2\repository\com\google\protobuf\protobuf-java\3.6.1\protobuf-java-3.6.1.jar;C:\Users\fedev\.m2\repository\org\hibernate\hibernate-core\5.4.9.Final\hibernate-core-5.4.9.Final.jar;C:\Users\fedev\.m2\repository\javax\persistence\javax.persistence-api\2.2\javax.persistence-api-2.2.jar;C:\Users\fedev\.m2\repository\org\javassist\javassist\3.24.0-GA\javassist-3.24.0-GA.jar;C:\Users\fedev\.m2\repository\net\bytebuddy\byte-buddy\1.10.2\byte-buddy-1.10.2.jar;C:\Users\fedev\.m2\repository\antlr\antlr\2.7.7\antlr-2.7.7.jar;C:\Users\fedev\.m2\repository\org\jboss\spec\javax\transaction\jboss-transaction-api_1.2_spec\1.1.1.Final\jboss-transaction-api_1.2_spec-1.1.1.Final.jar;C:\Users\fedev\.m2\repository\org\jboss\jandex\2.1.1.Final\jandex-2.1.1.Final.jar;C:\Users\fedev\.m2\repository\javax\activation\javax.activation-api\1.2.0\javax.activation-api-1.2.0.jar;C:\Users\fedev\.m2\repository\org\dom4j\dom4j\2.1.1\dom4j-2.1.1.jar;C:\Users\fedev\.m2\repository\org\hibernate\common\hibernate-commons-annotations\5.1.0.Final\hibernate-commons-annotations-5.1.0.Final.jar;C:\Users\fedev\.m2\repository\org\glassfish\jaxb\jaxb-runtime\2.3.1\jaxb-runtime-2.3.1.jar;C:\Users\fedev\.m2\repository\org\glassfish\jaxb\txw2\2.3.1\txw2-2.3.1.jar;C:\Users\fedev\.m2\repository\com\sun\istack\istack-commons-runtime\3.0.7\istack-commons-runtime-3.0.7.jar;C:\Users\fedev\.m2\repository\org\jvnet\staxex\stax-ex\1.8\stax-ex-1.8.jar;C:\Users\fedev\.m2\repository\com\sun\xml\fastinfoset\FastInfoset\1.2.15\FastInfoset-1.2.15.jar;C:\Users\fedev\.m2\repository\org\hibernate\hibernate-entitymanager\5.4.9.Final\hibernate-entitymanager-5.4.9.Final.jar;C:\Users\fedev\.m2\repository\org\hibernate\javax\persistence\hibernate-jpa-2.0-api\1.0.1.Final\hibernate-jpa-2.0-api-1.0.1.Final.jar;C:\Users\fedev\.m2\repository\org\hsqldb\hsqldb\2.5.0\hsqldb-2.5.0.jar;C:\Users\fedev\.m2\repository\com\sparkjava\spark-core\2.9.1\spark-core-2.9.1.jar;C:\Users\fedev\.m2\repository\org\eclipse\jetty\jetty-server\9.4.18.v20190429\jetty-server-9.4.18.v20190429.jar;C:\Users\fedev\.m2\repository\javax\servlet\javax.servlet-api\3.1.0\javax.servlet-api-3.1.0.jar;C:\Users\fedev\.m2\repository\org\eclipse\jetty\jetty-http\9.4.18.v20190429\jetty-http-9.4.18.v20190429.jar;C:\Users\fedev\.m2\repository\org\eclipse\jetty\jetty-util\9.4.18.v20190429\jetty-util-9.4.18.v20190429.jar;C:\Users\fedev\.m2\repository\org\eclipse\jetty\jetty-io\9.4.18.v20190429\jetty-io-9.4.18.v20190429.jar;C:\Users\fedev\.m2\repository\org\eclipse\jetty\jetty-webapp\9.4.18.v20190429\jetty-webapp-9.4.18.v20190429.jar;C:\Users\fedev\.m2\repository\org\eclipse\jetty\jetty-xml\9.4.18.v20190429\jetty-xml-9.4.18.v20190429.jar;C:\Users\fedev\.m2\repository\org\eclipse\jetty\jetty-servlet\9.4.18.v20190429\jetty-servlet-9.4.18.v20190429.jar;C:\Users\fedev\.m2\repository\org\eclipse\jetty\jetty-security\9.4.18.v20190429\jetty-security-9.4.18.v20190429.jar;C:\Users\fedev\.m2\repository\org\eclipse\jetty\websocket\websocket-server\9.4.18.v20190429\websocket-server-9.4.18.v20190429.jar;C:\Users\fedev\.m2\repository\org\eclipse\jetty\websocket\websocket-common\9.4.18.v20190429\websocket-common-9.4.18.v20190429.jar;C:\Users\fedev\.m2\repository\org\eclipse\jetty\websocket\websocket-client\9.4.18.v20190429\websocket-client-9.4.18.v20190429.jar;C:\Users\fedev\.m2\repository\org\eclipse\jetty\jetty-client\9.4.18.v20190429\jetty-client-9.4.18.v20190429.jar;C:\Users\fedev\.m2\repository\org\eclipse\jetty\websocket\websocket-servlet\9.4.18.v20190429\websocket-servlet-9.4.18.v20190429.jar;C:\Users\fedev\.m2\repository\org\eclipse\jetty\websocket\websocket-api\9.4.18.v20190429\websocket-api-9.4.18.v20190429.jar;C:\Users\fedev\.m2\repository\com\sparkjava\spark-template-handlebars\2.7.1\spark-template-handlebars-2.7.1.jar;C:\Users\fedev\.m2\repository\com\github\jknack\handlebars\4.0.6\handlebars-4.0.6.jar;C:\Users\fedev\.m2\repository\org\antlr\antlr4-runtime\4.5.1-1\antlr4-runtime-4.5.1-1.jar;C:\Users\fedev\.m2\repository\org\mozilla\rhino\1.7R4\rhino-1.7R4.jar;C:\Users\fedev\.m2\repository\com\github\jknack\handlebars-guava-cache\4.0.6\handlebars-guava-cache-4.0.6.jar;C:\Users\fedev\.m2\repository\com\sparkjava\spark-debug-tools\0.5\spark-debug-tools-0.5.jar;C:\Users\fedev\.m2\repository\com\github\jknack\handlebars-helpers\4.1.2\handlebars-helpers-4.1.2.jar;C:\Users\fedev\.m2\repository\org\apache\commons\commons-lang3\3.8.1\commons-lang3-3.8.1.jar;C:\Users\fedev\.m2\repository\com\github\jknack\handlebars-humanize\4.1.2\handlebars-humanize-4.1.2.jar;C:\Users\fedev\.m2\repository\com\github\mfornos\humanize-slim\1.2.2\humanize-slim-1.2.2.jar;C:\Users\fedev\.m2\repository\org\ocpsoft\prettytime\prettytime\3.2.5.Final\prettytime-3.2.5.Final.jar;C:\Users\fedev\.m2\repository\me\xuender\unidecode\0.0.7\unidecode-0.0.7.jar;C:\Users\fedev\.m2\repository\org\slf4j\slf4j-api\1.7.5\slf4j-api-1.7.5.jar;C:\Users\fedev\.m2\repository\org\slf4j\slf4j-log4j12\1.7.5\slf4j-log4j12-1.7.5.jar;C:\Users\fedev\.m2\repository\log4j\log4j\1.2.17\log4j-1.2.17.jar;C:\Users\fedev\.m2\repository\org\apache\logging\log4j\log4j-core\2.12.1\log4j-core-2.12.1.jar;C:\Users\fedev\.m2\repository\org\hibernate\tck-utils-api\0.9.1\tck-utils-api-0.9.1.jar;"/>
    <property name="java.vm.vendor" value="Oracle Corporation"/>
    <property name="sun.arch.data.model" value="64"/>
    <property name="user.variant" value=""/>
    <property name="java.vendor.url" value="http://java.oracle.com/"/>
    <property name="user.timezone" value="America/Buenos_Aires"/>
    <property name="java.vm.specification.version" value="1.8"/>
    <property name="os.name" value="Windows 10"/>
    <property name="user.country" value="US"/>
    <property name="sun.java.launcher" value="SUN_STANDARD"/>
    <property name="sun.boot.library.path" value="C:\Program Files\Java\jdk1.8.0_221\jre\bin"/>
    <property name="sun.java.command" value="C:\Users\fedev\AppData\Local\Temp\surefire538251766696543558\surefirebooter8743730314197580392.jar C:\Users\fedev\AppData\Local\Temp\surefire538251766696543558 2019-12-16T21-16-00_854-jvmRun1 surefire7716818575322738460tmp surefire_03213157567522289441tmp"/>
    <property name="surefire.test.class.path" value="C:\Users\fedev\Documents\GitHub\2019-mi-no-group-10\target\test-classes;C:\Users\fedev\Documents\GitHub\2019-mi-no-group-10\target\classes;C:\Users\fedev\.m2\repository\org\hibernate\validator\hibernate-validator\6.1.0.Final\hibernate-validator-6.1.0.Final.jar;C:\Users\fedev\.m2\repository\jakarta\validation\jakarta.validation-api\2.0.2\jakarta.validation-api-2.0.2.jar;C:\Users\fedev\.m2\repository\org\jboss\logging\jboss-logging\3.3.2.Final\jboss-logging-3.3.2.Final.jar;C:\Users\fedev\.m2\repository\com\fasterxml\classmate\1.3.4\classmate-1.3.4.jar;C:\Users\fedev\.m2\repository\junit\junit\4.13-rc-2\junit-4.13-rc-2.jar;C:\Users\fedev\.m2\repository\org\hamcrest\hamcrest-core\1.3\hamcrest-core-1.3.jar;C:\Users\fedev\.m2\repository\org\apache\httpcomponents\httpclient-osgi\4.5.10\httpclient-osgi-4.5.10.jar;C:\Users\fedev\.m2\repository\org\apache\httpcomponents\httpclient\4.5.10\httpclient-4.5.10.jar;C:\Users\fedev\.m2\repository\commons-logging\commons-logging\1.2\commons-logging-1.2.jar;C:\Users\fedev\.m2\repository\commons-codec\commons-codec\1.11\commons-codec-1.11.jar;C:\Users\fedev\.m2\repository\org\apache\httpcomponents\httpmime\4.5.10\httpmime-4.5.10.jar;C:\Users\fedev\.m2\repository\org\apache\httpcomponents\httpclient-cache\4.5.10\httpclient-cache-4.5.10.jar;C:\Users\fedev\.m2\repository\org\apache\httpcomponents\fluent-hc\4.5.10\fluent-hc-4.5.10.jar;C:\Users\fedev\.m2\repository\com\google\code\gson\gson\2.8.6\gson-2.8.6.jar;C:\Users\fedev\.m2\repository\com\twilio\sdk\twilio\7.41.1\twilio-7.41.1.jar;C:\Users\fedev\.m2\repository\com\google\guava\guava\28.0-android\guava-28.0-android.jar;C:\Users\fedev\.m2\repository\com\google\guava\failureaccess\1.0.1\failureaccess-1.0.1.jar;C:\Users\fedev\.m2\repository\com\google\guava\listenablefuture\9999.0-empty-to-avoid-conflict-with-guava\listenablefuture-9999.0-empty-to-avoid-conflict-with-guava.jar;C:\Users\fedev\.m2\repository\org\checkerframework\checker-compat-qual\2.5.5\checker-compat-qual-2.5.5.jar;C:\Users\fedev\.m2\repository\com\google\errorprone\error_prone_annotations\2.3.2\error_prone_annotations-2.3.2.jar;C:\Users\fedev\.m2\repository\com\google\j2objc\j2objc-annotations\1.3\j2objc-annotations-1.3.jar;C:\Users\fedev\.m2\repository\org\codehaus\mojo\animal-sniffer-annotations\1.17\animal-sniffer-annotations-1.17.jar;C:\Users\fedev\.m2\repository\joda-time\joda-time\2.5\joda-time-2.5.jar;C:\Users\fedev\.m2\repository\io\jsonwebtoken\jjwt\0.4\jjwt-0.4.jar;C:\Users\fedev\.m2\repository\org\apache\httpcomponents\httpcore\4.4.10\httpcore-4.4.10.jar;C:\Users\fedev\.m2\repository\com\fasterxml\jackson\core\jackson-core\2.9.9\jackson-core-2.9.9.jar;C:\Users\fedev\.m2\repository\com\fasterxml\jackson\core\jackson-annotations\2.9.9\jackson-annotations-2.9.9.jar;C:\Users\fedev\.m2\repository\com\fasterxml\jackson\core\jackson-databind\2.9.9.1\jackson-databind-2.9.9.1.jar;C:\Users\fedev\.m2\repository\javax\xml\bind\jaxb-api\2.2\jaxb-api-2.2.jar;C:\Users\fedev\.m2\repository\javax\xml\stream\stax-api\1.0-2\stax-api-1.0-2.jar;C:\Users\fedev\.m2\repository\org\apache\logging\log4j\log4j-api\2.12.1\log4j-api-2.12.1.jar;C:\Users\fedev\.m2\repository\com\sun\mail\javax.mail\1.6.2\javax.mail-1.6.2.jar;C:\Users\fedev\.m2\repository\javax\activation\activation\1.1\activation-1.1.jar;C:\Users\fedev\.m2\repository\org\simplejavamail\simple-java-mail\5.3.0\simple-java-mail-5.3.0.jar;C:\Users\fedev\.m2\repository\com\sun\mail\jakarta.mail\1.6.3\jakarta.mail-1.6.3.jar;C:\Users\fedev\.m2\repository\com\sun\activation\jakarta.activation\1.2.1\jakarta.activation-1.2.1.jar;C:\Users\fedev\.m2\repository\com\github\bbottema\emailaddress-rfc2822\2.1.3\emailaddress-rfc2822-2.1.3.jar;C:\Users\fedev\.m2\repository\com\google\code\findbugs\jsr305\3.0.1\jsr305-3.0.1.jar;C:\Users\fedev\.m2\repository\org\uqbar-project\jpa-java8-extras\1.0-alpha-1\jpa-java8-extras-1.0-alpha-1.jar;C:\Users\fedev\.m2\repository\org\hibernate\javax\persistence\hibernate-jpa-2.1-api\1.0.0.Final\hibernate-jpa-2.1-api-1.0.0.Final.jar;C:\Users\fedev\.m2\repository\mysql\mysql-connector-java\8.0.18\mysql-connector-java-8.0.18.jar;C:\Users\fedev\.m2\repository\com\google\protobuf\protobuf-java\3.6.1\protobuf-java-3.6.1.jar;C:\Users\fedev\.m2\repository\org\hibernate\hibernate-core\5.4.9.Final\hibernate-core-5.4.9.Final.jar;C:\Users\fedev\.m2\repository\javax\persistence\javax.persistence-api\2.2\javax.persistence-api-2.2.jar;C:\Users\fedev\.m2\repository\org\javassist\javassist\3.24.0-GA\javassist-3.24.0-GA.jar;C:\Users\fedev\.m2\repository\net\bytebuddy\byte-buddy\1.10.2\byte-buddy-1.10.2.jar;C:\Users\fedev\.m2\repository\antlr\antlr\2.7.7\antlr-2.7.7.jar;C:\Users\fedev\.m2\repository\org\jboss\spec\javax\transaction\jboss-transaction-api_1.2_spec\1.1.1.Final\jboss-transaction-api_1.2_spec-1.1.1.Final.jar;C:\Users\fedev\.m2\repository\org\jboss\jandex\2.1.1.Final\jandex-2.1.1.Final.jar;C:\Users\fedev\.m2\repository\javax\activation\javax.activation-api\1.2.0\javax.activation-api-1.2.0.jar;C:\Users\fedev\.m2\repository\org\dom4j\dom4j\2.1.1\dom4j-2.1.1.jar;C:\Users\fedev\.m2\repository\org\hibernate\common\hibernate-commons-annotations\5.1.0.Final\hibernate-commons-annotations-5.1.0.Final.jar;C:\Users\fedev\.m2\repository\org\glassfish\jaxb\jaxb-runtime\2.3.1\jaxb-runtime-2.3.1.jar;C:\Users\fedev\.m2\repository\org\glassfish\jaxb\txw2\2.3.1\txw2-2.3.1.jar;C:\Users\fedev\.m2\repository\com\sun\istack\istack-commons-runtime\3.0.7\istack-commons-runtime-3.0.7.jar;C:\Users\fedev\.m2\repository\org\jvnet\staxex\stax-ex\1.8\stax-ex-1.8.jar;C:\Users\fedev\.m2\repository\com\sun\xml\fastinfoset\FastInfoset\1.2.15\FastInfoset-1.2.15.jar;C:\Users\fedev\.m2\repository\org\hibernate\hibernate-entitymanager\5.4.9.Final\hibernate-entitymanager-5.4.9.Final.jar;C:\Users\fedev\.m2\repository\org\hibernate\javax\persistence\hibernate-jpa-2.0-api\1.0.1.Final\hibernate-jpa-2.0-api-1.0.1.Final.jar;C:\Users\fedev\.m2\repository\org\hsqldb\hsqldb\2.5.0\hsqldb-2.5.0.jar;C:\Users\fedev\.m2\repository\com\sparkjava\spark-core\2.9.1\spark-core-2.9.1.jar;C:\Users\fedev\.m2\repository\org\eclipse\jetty\jetty-server\9.4.18.v20190429\jetty-server-9.4.18.v20190429.jar;C:\Users\fedev\.m2\repository\javax\servlet\javax.servlet-api\3.1.0\javax.servlet-api-3.1.0.jar;C:\Users\fedev\.m2\repository\org\eclipse\jetty\jetty-http\9.4.18.v20190429\jetty-http-9.4.18.v20190429.jar;C:\Users\fedev\.m2\repository\org\eclipse\jetty\jetty-util\9.4.18.v20190429\jetty-util-9.4.18.v20190429.jar;C:\Users\fedev\.m2\repository\org\eclipse\jetty\jetty-io\9.4.18.v20190429\jetty-io-9.4.18.v20190429.jar;C:\Users\fedev\.m2\repository\org\eclipse\jetty\jetty-webapp\9.4.18.v20190429\jetty-webapp-9.4.18.v20190429.jar;C:\Users\fedev\.m2\repository\org\eclipse\jetty\jetty-xml\9.4.18.v20190429\jetty-xml-9.4.18.v20190429.jar;C:\Users\fedev\.m2\repository\org\eclipse\jetty\jetty-servlet\9.4.18.v20190429\jetty-servlet-9.4.18.v20190429.jar;C:\Users\fedev\.m2\repository\org\eclipse\jetty\jetty-security\9.4.18.v20190429\jetty-security-9.4.18.v20190429.jar;C:\Users\fedev\.m2\repository\org\eclipse\jetty\websocket\websocket-server\9.4.18.v20190429\websocket-server-9.4.18.v20190429.jar;C:\Users\fedev\.m2\repository\org\eclipse\jetty\websocket\websocket-common\9.4.18.v20190429\websocket-common-9.4.18.v20190429.jar;C:\Users\fedev\.m2\repository\org\eclipse\jetty\websocket\websocket-client\9.4.18.v20190429\websocket-client-9.4.18.v20190429.jar;C:\Users\fedev\.m2\repository\org\eclipse\jetty\jetty-client\9.4.18.v20190429\jetty-client-9.4.18.v20190429.jar;C:\Users\fedev\.m2\repository\org\eclipse\jetty\websocket\websocket-servlet\9.4.18.v20190429\websocket-servlet-9.4.18.v20190429.jar;C:\Users\fedev\.m2\repository\org\eclipse\jetty\websocket\websocket-api\9.4.18.v20190429\websocket-api-9.4.18.v20190429.jar;C:\Users\fedev\.m2\repository\com\sparkjava\spark-template-handlebars\2.7.1\spark-template-handlebars-2.7.1.jar;C:\Users\fedev\.m2\repository\com\github\jknack\handlebars\4.0.6\handlebars-4.0.6.jar;C:\Users\fedev\.m2\repository\org\antlr\antlr4-runtime\4.5.1-1\antlr4-runtime-4.5.1-1.jar;C:\Users\fedev\.m2\repository\org\mozilla\rhino\1.7R4\rhino-1.7R4.jar;C:\Users\fedev\.m2\repository\com\github\jknack\handlebars-guava-cache\4.0.6\handlebars-guava-cache-4.0.6.jar;C:\Users\fedev\.m2\repository\com\sparkjava\spark-debug-tools\0.5\spark-debug-tools-0.5.jar;C:\Users\fedev\.m2\repository\com\github\jknack\handlebars-helpers\4.1.2\handlebars-helpers-4.1.2.jar;C:\Users\fedev\.m2\repository\org\apache\commons\commons-lang3\3.8.1\commons-lang3-3.8.1.jar;C:\Users\fedev\.m2\repository\com\github\jknack\handlebars-humanize\4.1.2\handlebars-humanize-4.1.2.jar;C:\Users\fedev\.m2\repository\com\github\mfornos\humanize-slim\1.2.2\humanize-slim-1.2.2.jar;C:\Users\fedev\.m2\repository\org\ocpsoft\prettytime\prettytime\3.2.5.Final\prettytime-3.2.5.Final.jar;C:\Users\fedev\.m2\repository\me\xuender\unidecode\0.0.7\unidecode-0.0.7.jar;C:\Users\fedev\.m2\repository\org\slf4j\slf4j-api\1.7.5\slf4j-api-1.7.5.jar;C:\Users\fedev\.m2\repository\org\slf4j\slf4j-log4j12\1.7.5\slf4j-log4j12-1.7.5.jar;C:\Users\fedev\.m2\repository\log4j\log4j\1.2.17\log4j-1.2.17.jar;C:\Users\fedev\.m2\repository\org\apache\logging\log4j\log4j-core\2.12.1\log4j-core-2.12.1.jar;C:\Users\fedev\.m2\repository\org\hibernate\tck-utils-api\0.9.1\tck-utils-api-0.9.1.jar;"/>
    <property name="sun.cpu.endian" value="little"/>
    <property name="user.home" value="C:\Users\fedev"/>
    <property name="user.language" value="en"/>
    <property name="java.specification.vendor" value="Oracle Corporation"/>
    <property name="java.home" value="C:\Program Files\Java\jdk1.8.0_221\jre"/>
    <property name="basedir" value="C:\Users\fedev\Documents\GitHub\2019-mi-no-group-10"/>
    <property name="file.separator" value="\"/>
    <property name="line.separator" value="&#10;"/>
    <property name="java.vm.specification.vendor" value="Oracle Corporation"/>
    <property name="java.specification.name" value="Java Platform API Specification"/>
    <property name="java.awt.graphicsenv" value="sun.awt.Win32GraphicsEnvironment"/>
    <property name="surefire.real.class.path" value="C:\Users\fedev\AppData\Local\Temp\surefire538251766696543558\surefirebooter8743730314197580392.jar"/>
    <property name="sun.boot.class.path" value="C:\Program Files\Java\jdk1.8.0_221\jre\lib\resources.jar;C:\Program Files\Java\jdk1.8.0_221\jre\lib\rt.jar;C:\Program Files\Java\jdk1.8.0_221\jre\lib\sunrsasign.jar;C:\Program Files\Java\jdk1.8.0_221\jre\lib\jsse.jar;C:\Program Files\Java\jdk1.8.0_221\jre\lib\jce.jar;C:\Program Files\Java\jdk1.8.0_221\jre\lib\charsets.jar;C:\Program Files\Java\jdk1.8.0_221\jre\lib\jfr.jar;C:\Program Files\Java\jdk1.8.0_221\jre\classes"/>
    <property name="user.script" value=""/>
    <property name="sun.management.compiler" value="HotSpot 64-Bit Tiered Compilers"/>
    <property name="java.runtime.version" value="1.8.0_221-b11"/>
    <property name="user.name" value="fedev"/>
    <property name="path.separator" value=";"/>
    <property name="os.version" value="10.0"/>
    <property name="java.endorsed.dirs" value="C:\Program Files\Java\jdk1.8.0_221\jre\lib\endorsed"/>
    <property name="java.runtime.name" value="Java(TM) SE Runtime Environment"/>
    <property name="file.encoding" value="Cp1252"/>
    <property name="java.vm.name" value="Java HotSpot(TM) 64-Bit Server VM"/>
    <property name="localRepository" value="C:\Users\fedev\.m2\repository"/>
    <property name="java.vendor.url.bug" value="http://bugreport.sun.com/bugreport/"/>
    <property name="java.io.tmpdir" value="C:\Users\fedev\AppData\Local\Temp\"/>
    <property name="java.version" value="1.8.0_221"/>
    <property name="user.dir" value="C:\Users\fedev\Documents\GitHub\2019-mi-no-group-10"/>
    <property name="os.arch" value="amd64"/>
    <property name="java.vm.specification.name" value="Java Virtual Machine Specification"/>
    <property name="java.awt.printerjob" value="sun.awt.windows.WPrinterJob"/>
    <property name="sun.os.patch.level" value=""/>
    <property name="java.library.path" value="C:\Program Files\Java\jdk1.8.0_221\jre\bin;C:\Windows\Sun\Java\bin;C:\Windows\system32;C:\Windows;C:\Program Files (x86)\Common Files\Oracle\Java\javapath;C:\Windows\system32;C:\Windows;C:\Windows\System32\Wbem;C:\Windows\System32\WindowsPowerShell\v1.0\;C:\Windows\System32\OpenSSH\;C:\Program Files (x86)\NVIDIA Corporation\PhysX\Common;C:\Program Files\NVIDIA Corporation\NVIDIA NvDLISR;c:\Program Files (x86)\Microsoft SQL Server\110\Tools\Binn\;c:\Program Files\Microsoft SQL Server\110\Tools\Binn\;c:\Program Files\Microsoft SQL Server\110\DTS\Binn\;c:\Program Files (x86)\Microsoft SQL Server\110\Tools\Binn\ManagementStudio\;c:\Program Files (x86)\Microsoft SQL Server\110\DTS\Binn\;C:\Program Files\Git\cmd;C:\Users\fedev\Documents\apache-maven-3.6.2\bin;C:\Program Files\Java\jdk1.8.0_221\bin;C:\Program Files\MySQL\MySQL Server 5.6\bin;C:\Users\fedev\AppData\Local\Microsoft\WindowsApps;C:\Users\fedev\AppData\Local\GitHubDesktop\bin;C:\Program Files\heroku\bin;C:\Users\fedev\AppData\Local\Programs\Microsoft VS Code\bin;."/>
    <property name="java.vm.info" value="mixed mode"/>
    <property name="java.vendor" value="Oracle Corporation"/>
    <property name="java.vm.version" value="25.221-b11"/>
    <property name="java.ext.dirs" value="C:\Program Files\Java\jdk1.8.0_221\jre\lib\ext;C:\Windows\Sun\Java\lib\ext"/>
    <property name="sun.io.unicode.encoding" value="UnicodeLittle"/>
    <property name="java.class.version" value="52.0"/>
  </properties>
  <testcase name="contextUpWithTransaction" classname="ContextTest" time="35.8"/>
  <testcase name="contextUp" classname="ContextTest" time="0.968"/>
</testsuite>